<?xml version="1.0" encoding="UTF-8" ?>
<testsuite failures="0" time="0.051" errors="0" skipped="0" tests="4" name="br.org.votenofilme.models.FilmTest">
  <properties>
[...]
</properties>
  <testcase time="0.009" classname="br.org.votenofilme.models.FilmTest" name="saveTest"/>
  <testcase time="0.014" classname="br.org.votenofilme.models.FilmTest" name="updateTest"/>
  <testcase time="0.009" classname="br.org.votenofilme.models.FilmTest" name="listTest"/>
  <testcase time="0.017" classname="br.org.votenofilme.models.FilmTest" name="deleteTest"/>
</testsuite>